15-Sep-2016 13:20:02.531 INFO [main] org.apache.catalina.startup.VersionLoggerListener.log Server version:        Apache Tomcat/9.0.0.M4
15-Sep-2016 13:20:02.531 INFO [main] org.apache.catalina.startup.VersionLoggerListener.log Server built:          Mar 12 2016 11:39:59 UTC
15-Sep-2016 13:20:02.531 INFO [main] org.apache.catalina.startup.VersionLoggerListener.log Server number:         9.0.0.0
15-Sep-2016 13:20:02.531 INFO [main] org.apache.catalina.startup.VersionLoggerListener.log OS Name:               Windows 10
15-Sep-2016 13:20:02.531 INFO [main] org.apache.catalina.startup.VersionLoggerListener.log OS Version:            10.0
15-Sep-2016 13:20:02.531 INFO [main] org.apache.catalina.startup.VersionLoggerListener.log Architecture:          amd64
15-Sep-2016 13:20:02.531 INFO [main] org.apache.catalina.startup.VersionLoggerListener.log Java Home:             C:\Program Files\Java\jre1.8.0_101
15-Sep-2016 13:20:02.531 INFO [main] org.apache.catalina.startup.VersionLoggerListener.log JVM Version:           1.8.0_101-b13
15-Sep-2016 13:20:02.531 INFO [main] org.apache.catalina.startup.VersionLoggerListener.log JVM Vendor:            Oracle Corporation
15-Sep-2016 13:20:02.531 INFO [main] org.apache.catalina.startup.VersionLoggerListener.log CATALINA_BASE:         C:\progs\tomcat9
15-Sep-2016 13:20:02.531 INFO [main] org.apache.catalina.startup.VersionLoggerListener.log CATALINA_HOME:         C:\progs\tomcat9
15-Sep-2016 13:20:02.531 INFO [main] org.apache.catalina.startup.VersionLoggerListener.log Command line argument: -Djava.util.logging.config.file=C:\progs\tomcat9\conf\logging.properties
15-Sep-2016 13:20:02.531 INFO [main] org.apache.catalina.startup.VersionLoggerListener.log Command line argument: -Djava.util.logging.manager=org.apache.juli.ClassLoaderLogManager
15-Sep-2016 13:20:02.531 INFO [main] org.apache.catalina.startup.VersionLoggerListener.log Command line argument: -Dcatalina.base=C:\progs\tomcat9
15-Sep-2016 13:20:02.531 INFO [main] org.apache.catalina.startup.VersionLoggerListener.log Command line argument: -Dcatalina.home=C:\progs\tomcat9
15-Sep-2016 13:20:02.531 INFO [main] org.apache.catalina.startup.VersionLoggerListener.log Command line argument: -Djava.io.tmpdir=C:\progs\tomcat9\temp
15-Sep-2016 13:20:02.531 INFO [main] org.apache.catalina.core.AprLifecycleListener.lifecycleEvent Loaded APR based Apache Tomcat Native library 1.2.5 using APR version 1.5.1.
15-Sep-2016 13:20:02.531 INFO [main] org.apache.catalina.core.AprLifecycleListener.lifecycleEvent APR capabilities: IPv6 [true], sendfile [true], accept filters [false], random [true].
15-Sep-2016 13:20:04.341 INFO [main] org.apache.catalina.core.AprLifecycleListener.initializeSSL OpenSSL successfully initialized (OpenSSL 1.0.2g  1 Mar 2016)
15-Sep-2016 13:20:13.187 INFO [main] org.apache.coyote.AbstractProtocol.init Initializing ProtocolHandler ["http-nio-8080"]
15-Sep-2016 13:20:22.623 INFO [main] org.apache.tomcat.util.net.NioSelectorPool.getSharedSelector Using a shared selector for servlet write/read
15-Sep-2016 13:20:22.626 INFO [main] org.apache.coyote.AbstractProtocol.init Initializing ProtocolHandler ["ajp-nio-8009"]
15-Sep-2016 13:20:22.630 INFO [main] org.apache.tomcat.util.net.NioSelectorPool.getSharedSelector Using a shared selector for servlet write/read
15-Sep-2016 13:20:22.631 INFO [main] org.apache.catalina.startup.Catalina.load Initialization processed in 33382 ms
15-Sep-2016 13:20:23.914 INFO [main] org.apache.catalina.core.StandardService.startInternal Starting service Catalina
15-Sep-2016 13:20:23.914 INFO [main] org.apache.catalina.core.StandardEngine.startInternal Starting Servlet Engine: Apache Tomcat/9.0.0.M4
15-Sep-2016 13:20:24.210 INFO [localhost-startStop-1] org.apache.catalina.startup.HostConfig.deployDirectory Deploying web application directory C:\progs\tomcat9\webapps\docs
15-Sep-2016 13:20:28.985 INFO [localhost-startStop-1] org.apache.catalina.startup.HostConfig.deployDirectory Deployment of web application directory C:\progs\tomcat9\webapps\docs has finished in 4,757 ms
15-Sep-2016 13:20:28.986 INFO [localhost-startStop-1] org.apache.catalina.startup.HostConfig.deployDirectory Deploying web application directory C:\progs\tomcat9\webapps\examples
15-Sep-2016 13:20:35.293 INFO [localhost-startStop-1] org.apache.catalina.startup.HostConfig.deployDirectory Deployment of web application directory C:\progs\tomcat9\webapps\examples has finished in 6,307 ms
15-Sep-2016 13:20:35.293 INFO [localhost-startStop-1] org.apache.catalina.startup.HostConfig.deployDirectory Deploying web application directory C:\progs\tomcat9\webapps\host-manager
15-Sep-2016 13:20:35.501 INFO [localhost-startStop-1] org.apache.catalina.startup.HostConfig.deployDirectory Deployment of web application directory C:\progs\tomcat9\webapps\host-manager has finished in 208 ms
15-Sep-2016 13:20:35.501 INFO [localhost-startStop-1] org.apache.catalina.startup.HostConfig.deployDirectory Deploying web application directory C:\progs\tomcat9\webapps\manager
15-Sep-2016 13:20:35.850 INFO [localhost-startStop-1] org.apache.catalina.startup.HostConfig.deployDirectory Deployment of web application directory C:\progs\tomcat9\webapps\manager has finished in 349 ms
15-Sep-2016 13:20:35.850 INFO [localhost-startStop-1] org.apache.catalina.startup.HostConfig.deployDirectory Deploying web application directory C:\progs\tomcat9\webapps\myapp
15-Sep-2016 13:20:36.138 INFO [localhost-startStop-1] org.apache.catalina.startup.HostConfig.deployDirectory Deployment of web application directory C:\progs\tomcat9\webapps\myapp has finished in 288 ms
15-Sep-2016 13:20:36.154 INFO [localhost-startStop-1] org.apache.catalina.startup.HostConfig.deployDirectory Deploying web application directory C:\progs\tomcat9\webapps\ROOT
15-Sep-2016 13:20:36.305 INFO [localhost-startStop-1] org.apache.catalina.startup.HostConfig.deployDirectory Deployment of web application directory C:\progs\tomcat9\webapps\ROOT has finished in 167 ms
15-Sep-2016 13:20:36.305 INFO [localhost-startStop-1] org.apache.catalina.startup.HostConfig.deployDirectory Deploying web application directory C:\progs\tomcat9\webapps\webserv1
15-Sep-2016 13:20:44.922 INFO [localhost-startStop-1] org.apache.jasper.servlet.TldScanner.scanJars At least one JAR was scanned for TLDs yet contained no TLDs. Enable debug logging for this logger for a complete list of JARs that were scanned but no TLDs were found in them. Skipping unneeded JARs during scanning can improve startup time and JSP compilation time.
15-Sep-2016 13:20:47.788 INFO [localhost-startStop-1] org.apache.catalina.startup.HostConfig.deployDirectory Deployment of web application directory C:\progs\tomcat9\webapps\webserv1 has finished in 11,482 ms
15-Sep-2016 13:20:47.792 INFO [main] org.apache.coyote.AbstractProtocol.start Starting ProtocolHandler [http-nio-8080]
15-Sep-2016 13:20:47.890 INFO [main] org.apache.coyote.AbstractProtocol.start Starting ProtocolHandler [ajp-nio-8009]
15-Sep-2016 13:20:47.890 INFO [main] org.apache.catalina.startup.Catalina.start Server startup in 25269 ms
15-Sep-2016 14:11:16.124 INFO [main] org.apache.catalina.core.StandardServer.await A valid shutdown command was received via the shutdown port. Stopping the Server instance.
15-Sep-2016 14:11:16.140 INFO [main] org.apache.coyote.AbstractProtocol.pause Pausing ProtocolHandler ["http-nio-8080"]
15-Sep-2016 14:11:16.222 INFO [main] org.apache.coyote.AbstractProtocol.pause Pausing ProtocolHandler ["ajp-nio-8009"]
15-Sep-2016 14:11:16.274 INFO [main] org.apache.catalina.core.StandardService.stopInternal Stopping service Catalina
15-Sep-2016 14:11:17.254 INFO [main] org.apache.coyote.AbstractProtocol.stop Stopping ProtocolHandler ["http-nio-8080"]
15-Sep-2016 14:11:17.271 INFO [main] org.apache.coyote.AbstractProtocol.stop Stopping ProtocolHandler ["ajp-nio-8009"]
15-Sep-2016 14:11:17.271 INFO [main] org.apache.coyote.AbstractProtocol.destroy Destroying ProtocolHandler ["http-nio-8080"]
15-Sep-2016 14:11:17.303 INFO [main] org.apache.coyote.AbstractProtocol.destroy Destroying ProtocolHandler ["ajp-nio-8009"]
15-Sep-2016 14:11:25.821 INFO [main] org.apache.catalina.startup.VersionLoggerListener.log Server version:        Apache Tomcat/9.0.0.M4
15-Sep-2016 14:11:25.823 INFO [main] org.apache.catalina.startup.VersionLoggerListener.log Server built:          Mar 12 2016 11:39:59 UTC
15-Sep-2016 14:11:25.823 INFO [main] org.apache.catalina.startup.VersionLoggerListener.log Server number:         9.0.0.0
15-Sep-2016 14:11:25.823 INFO [main] org.apache.catalina.startup.VersionLoggerListener.log OS Name:               Windows 10
15-Sep-2016 14:11:25.823 INFO [main] org.apache.catalina.startup.VersionLoggerListener.log OS Version:            10.0
15-Sep-2016 14:11:25.823 INFO [main] org.apache.catalina.startup.VersionLoggerListener.log Architecture:          amd64
15-Sep-2016 14:11:25.823 INFO [main] org.apache.catalina.startup.VersionLoggerListener.log Java Home:             C:\Program Files\Java\jre1.8.0_101
15-Sep-2016 14:11:25.823 INFO [main] org.apache.catalina.startup.VersionLoggerListener.log JVM Version:           1.8.0_101-b13
15-Sep-2016 14:11:25.823 INFO [main] org.apache.catalina.startup.VersionLoggerListener.log JVM Vendor:            Oracle Corporation
15-Sep-2016 14:11:25.823 INFO [main] org.apache.catalina.startup.VersionLoggerListener.log CATALINA_BASE:         C:\progs\tomcat9
15-Sep-2016 14:11:25.823 INFO [main] org.apache.catalina.startup.VersionLoggerListener.log CATALINA_HOME:         C:\progs\tomcat9
15-Sep-2016 14:11:25.823 INFO [main] org.apache.catalina.startup.VersionLoggerListener.log Command line argument: -Djava.util.logging.config.file=C:\progs\tomcat9\conf\logging.properties
15-Sep-2016 14:11:25.823 INFO [main] org.apache.catalina.startup.VersionLoggerListener.log Command line argument: -Djava.util.logging.manager=org.apache.juli.ClassLoaderLogManager
15-Sep-2016 14:11:25.823 INFO [main] org.apache.catalina.startup.VersionLoggerListener.log Command line argument: -Dcatalina.base=C:\progs\tomcat9
15-Sep-2016 14:11:25.823 INFO [main] org.apache.catalina.startup.VersionLoggerListener.log Command line argument: -Dcatalina.home=C:\progs\tomcat9
15-Sep-2016 14:11:25.823 INFO [main] org.apache.catalina.startup.VersionLoggerListener.log Command line argument: -Djava.io.tmpdir=C:\progs\tomcat9\temp
15-Sep-2016 14:11:25.823 INFO [main] org.apache.catalina.core.AprLifecycleListener.lifecycleEvent Loaded APR based Apache Tomcat Native library 1.2.5 using APR version 1.5.1.
15-Sep-2016 14:11:25.823 INFO [main] org.apache.catalina.core.AprLifecycleListener.lifecycleEvent APR capabilities: IPv6 [true], sendfile [true], accept filters [false], random [true].
15-Sep-2016 14:11:26.892 INFO [main] org.apache.catalina.core.AprLifecycleListener.initializeSSL OpenSSL successfully initialized (OpenSSL 1.0.2g  1 Mar 2016)
15-Sep-2016 14:11:30.431 INFO [main] org.apache.coyote.AbstractProtocol.init Initializing ProtocolHandler ["http-nio-8080"]
15-Sep-2016 14:11:31.617 INFO [main] org.apache.tomcat.util.net.NioSelectorPool.getSharedSelector Using a shared selector for servlet write/read
15-Sep-2016 14:11:31.634 INFO [main] org.apache.coyote.AbstractProtocol.init Initializing ProtocolHandler ["ajp-nio-8009"]
15-Sep-2016 14:11:31.644 INFO [main] org.apache.tomcat.util.net.NioSelectorPool.getSharedSelector Using a shared selector for servlet write/read
15-Sep-2016 14:11:31.646 INFO [main] org.apache.catalina.startup.Catalina.load Initialization processed in 8183 ms
15-Sep-2016 14:11:31.800 INFO [main] org.apache.catalina.core.StandardService.startInternal Starting service Catalina
15-Sep-2016 14:11:31.800 INFO [main] org.apache.catalina.core.StandardEngine.startInternal Starting Servlet Engine: Apache Tomcat/9.0.0.M4
15-Sep-2016 14:11:31.851 INFO [localhost-startStop-1] org.apache.catalina.startup.HostConfig.deployDirectory Deploying web application directory C:\progs\tomcat9\webapps\docs
15-Sep-2016 14:11:32.774 INFO [localhost-startStop-1] org.apache.catalina.startup.HostConfig.deployDirectory Deployment of web application directory C:\progs\tomcat9\webapps\docs has finished in 908 ms
15-Sep-2016 14:11:32.776 INFO [localhost-startStop-1] org.apache.catalina.startup.HostConfig.deployDirectory Deploying web application directory C:\progs\tomcat9\webapps\examples
15-Sep-2016 14:11:35.356 INFO [localhost-startStop-1] org.apache.catalina.startup.HostConfig.deployDirectory Deployment of web application directory C:\progs\tomcat9\webapps\examples has finished in 2,581 ms
15-Sep-2016 14:11:35.358 INFO [localhost-startStop-1] org.apache.catalina.startup.HostConfig.deployDirectory Deploying web application directory C:\progs\tomcat9\webapps\host-manager
15-Sep-2016 14:11:35.450 INFO [localhost-startStop-1] org.apache.catalina.startup.HostConfig.deployDirectory Deployment of web application directory C:\progs\tomcat9\webapps\host-manager has finished in 92 ms
15-Sep-2016 14:11:35.450 INFO [localhost-startStop-1] org.apache.catalina.startup.HostConfig.deployDirectory Deploying web application directory C:\progs\tomcat9\webapps\manager
15-Sep-2016 14:11:35.582 INFO [localhost-startStop-1] org.apache.catalina.startup.HostConfig.deployDirectory Deployment of web application directory C:\progs\tomcat9\webapps\manager has finished in 132 ms
15-Sep-2016 14:11:35.582 INFO [localhost-startStop-1] org.apache.catalina.startup.HostConfig.deployDirectory Deploying web application directory C:\progs\tomcat9\webapps\myapp
15-Sep-2016 14:11:35.714 INFO [localhost-startStop-1] org.apache.catalina.startup.HostConfig.deployDirectory Deployment of web application directory C:\progs\tomcat9\webapps\myapp has finished in 132 ms
15-Sep-2016 14:11:35.714 INFO [localhost-startStop-1] org.apache.catalina.startup.HostConfig.deployDirectory Deploying web application directory C:\progs\tomcat9\webapps\ROOT
15-Sep-2016 14:11:35.781 INFO [localhost-startStop-1] org.apache.catalina.startup.HostConfig.deployDirectory Deployment of web application directory C:\progs\tomcat9\webapps\ROOT has finished in 67 ms
15-Sep-2016 14:11:35.781 INFO [localhost-startStop-1] org.apache.catalina.startup.HostConfig.deployDirectory Deploying web application directory C:\progs\tomcat9\webapps\webserv1
15-Sep-2016 14:11:38.100 INFO [localhost-startStop-1] org.apache.jasper.servlet.TldScanner.scanJars At least one JAR was scanned for TLDs yet contained no TLDs. Enable debug logging for this logger for a complete list of JARs that were scanned but no TLDs were found in them. Skipping unneeded JARs during scanning can improve startup time and JSP compilation time.
15-Sep-2016 14:11:40.720 INFO [localhost-startStop-1] org.apache.catalina.startup.HostConfig.deployDirectory Deployment of web application directory C:\progs\tomcat9\webapps\webserv1 has finished in 4,939 ms
15-Sep-2016 14:11:40.724 INFO [main] org.apache.coyote.AbstractProtocol.start Starting ProtocolHandler [http-nio-8080]
15-Sep-2016 14:11:40.724 INFO [main] org.apache.coyote.AbstractProtocol.start Starting ProtocolHandler [ajp-nio-8009]
15-Sep-2016 14:11:40.724 INFO [main] org.apache.catalina.startup.Catalina.start Server startup in 9091 ms
15-Sep-2016 14:12:35.065 INFO [main] org.apache.catalina.startup.VersionLoggerListener.log Server version:        Apache Tomcat/9.0.0.M4
15-Sep-2016 14:12:35.065 INFO [main] org.apache.catalina.startup.VersionLoggerListener.log Server built:          Mar 12 2016 11:39:59 UTC
15-Sep-2016 14:12:35.065 INFO [main] org.apache.catalina.startup.VersionLoggerListener.log Server number:         9.0.0.0
15-Sep-2016 14:12:35.065 INFO [main] org.apache.catalina.startup.VersionLoggerListener.log OS Name:               Windows 10
15-Sep-2016 14:12:35.065 INFO [main] org.apache.catalina.startup.VersionLoggerListener.log OS Version:            10.0
15-Sep-2016 14:12:35.065 INFO [main] org.apache.catalina.startup.VersionLoggerListener.log Architecture:          amd64
15-Sep-2016 14:12:35.065 INFO [main] org.apache.catalina.startup.VersionLoggerListener.log Java Home:             C:\Program Files\Java\jre1.8.0_101
15-Sep-2016 14:12:35.065 INFO [main] org.apache.catalina.startup.VersionLoggerListener.log JVM Version:           1.8.0_101-b13
15-Sep-2016 14:12:35.065 INFO [main] org.apache.catalina.startup.VersionLoggerListener.log JVM Vendor:            Oracle Corporation
15-Sep-2016 14:12:35.065 INFO [main] org.apache.catalina.startup.VersionLoggerListener.log CATALINA_BASE:         C:\progs\tomcat9
15-Sep-2016 14:12:35.065 INFO [main] org.apache.catalina.startup.VersionLoggerListener.log CATALINA_HOME:         C:\progs\tomcat9
15-Sep-2016 14:12:35.065 INFO [main] org.apache.catalina.startup.VersionLoggerListener.log Command line argument: -Djava.util.logging.config.file=C:\progs\tomcat9\conf\logging.properties
15-Sep-2016 14:12:35.065 INFO [main] org.apache.catalina.startup.VersionLoggerListener.log Command line argument: -Djava.util.logging.manager=org.apache.juli.ClassLoaderLogManager
15-Sep-2016 14:12:35.065 INFO [main] org.apache.catalina.startup.VersionLoggerListener.log Command line argument: -Dcatalina.base=C:\progs\tomcat9
15-Sep-2016 14:12:35.081 INFO [main] org.apache.catalina.startup.VersionLoggerListener.log Command line argument: -Dcatalina.home=C:\progs\tomcat9
15-Sep-2016 14:12:35.081 INFO [main] org.apache.catalina.startup.VersionLoggerListener.log Command line argument: -Djava.io.tmpdir=C:\progs\tomcat9\temp
15-Sep-2016 14:12:35.083 INFO [main] org.apache.catalina.core.AprLifecycleListener.lifecycleEvent Loaded APR based Apache Tomcat Native library 1.2.5 using APR version 1.5.1.
15-Sep-2016 14:12:35.085 INFO [main] org.apache.catalina.core.AprLifecycleListener.lifecycleEvent APR capabilities: IPv6 [true], sendfile [true], accept filters [false], random [true].
15-Sep-2016 14:12:35.938 INFO [main] org.apache.catalina.core.AprLifecycleListener.initializeSSL OpenSSL successfully initialized (OpenSSL 1.0.2g  1 Mar 2016)
15-Sep-2016 14:12:36.146 INFO [main] org.apache.coyote.AbstractProtocol.init Initializing ProtocolHandler ["http-nio-8080"]
15-Sep-2016 14:12:36.159 SEVERE [main] org.apache.coyote.AbstractProtocol.init Failed to initialize end point associated with ProtocolHandler ["http-nio-8080"]
 java.net.BindException: Address already in use: bind
	at sun.nio.ch.Net.bind0(Native Method)
	at sun.nio.ch.Net.bind(Unknown Source)
	at sun.nio.ch.Net.bind(Unknown Source)
	at sun.nio.ch.ServerSocketChannelImpl.bind(Unknown Source)
	at sun.nio.ch.ServerSocketAdaptor.bind(Unknown Source)
	at org.apache.tomcat.util.net.NioEndpoint.bind(NioEndpoint.java:245)
	at org.apache.tomcat.util.net.AbstractEndpoint.init(AbstractEndpoint.java:798)
	at org.apache.coyote.AbstractProtocol.init(AbstractProtocol.java:547)
	at org.apache.coyote.http11.AbstractHttp11Protocol.init(AbstractHttp11Protocol.java:66)
	at org.apache.catalina.connector.Connector.initInternal(Connector.java:1010)
	at org.apache.catalina.util.LifecycleBase.init(LifecycleBase.java:107)
	at org.apache.catalina.core.StandardService.initInternal(StandardService.java:549)
	at org.apache.catalina.util.LifecycleBase.init(LifecycleBase.java:107)
	at org.apache.catalina.core.StandardServer.initInternal(StandardServer.java:873)
	at org.apache.catalina.util.LifecycleBase.init(LifecycleBase.java:107)
	at org.apache.catalina.startup.Catalina.load(Catalina.java:606)
	at org.apache.catalina.startup.Catalina.load(Catalina.java:629)
	at sun.reflect.NativeMethodAccessorImpl.invoke0(Native Method)
	at sun.reflect.NativeMethodAccessorImpl.invoke(Unknown Source)
	at sun.reflect.DelegatingMethodAccessorImpl.invoke(Unknown Source)
	at java.lang.reflect.Method.invoke(Unknown Source)
	at org.apache.catalina.startup.Bootstrap.load(Bootstrap.java:311)
	at org.apache.catalina.startup.Bootstrap.main(Bootstrap.java:494)

15-Sep-2016 14:12:36.175 SEVERE [main] org.apache.catalina.core.StandardService.initInternal Failed to initialize connector [Connector[HTTP/1.1-8080]]
 org.apache.catalina.LifecycleException: Failed to initialize component [Connector[HTTP/1.1-8080]]
	at org.apache.catalina.util.LifecycleBase.init(LifecycleBase.java:112)
	at org.apache.catalina.core.StandardService.initInternal(StandardService.java:549)
	at org.apache.catalina.util.LifecycleBase.init(LifecycleBase.java:107)
	at org.apache.catalina.core.StandardServer.initInternal(StandardServer.java:873)
	at org.apache.catalina.util.LifecycleBase.init(LifecycleBase.java:107)
	at org.apache.catalina.startup.Catalina.load(Catalina.java:606)
	at org.apache.catalina.startup.Catalina.load(Catalina.java:629)
	at sun.reflect.NativeMethodAccessorImpl.invoke0(Native Method)
	at sun.reflect.NativeMethodAccessorImpl.invoke(Unknown Source)
	at sun.reflect.DelegatingMethodAccessorImpl.invoke(Unknown Source)
	at java.lang.reflect.Method.invoke(Unknown Source)
	at org.apache.catalina.startup.Bootstrap.load(Bootstrap.java:311)
	at org.apache.catalina.startup.Bootstrap.main(Bootstrap.java:494)
Caused by: org.apache.catalina.LifecycleException: Protocol handler initialization failed
	at org.apache.catalina.connector.Connector.initInternal(Connector.java:1013)
	at org.apache.catalina.util.LifecycleBase.init(LifecycleBase.java:107)
	... 12 more
Caused by: java.net.BindException: Address already in use: bind
	at sun.nio.ch.Net.bind0(Native Method)
	at sun.nio.ch.Net.bind(Unknown Source)
	at sun.nio.ch.Net.bind(Unknown Source)
	at sun.nio.ch.ServerSocketChannelImpl.bind(Unknown Source)
	at sun.nio.ch.ServerSocketAdaptor.bind(Unknown Source)
	at org.apache.tomcat.util.net.NioEndpoint.bind(NioEndpoint.java:245)
	at org.apache.tomcat.util.net.AbstractEndpoint.init(AbstractEndpoint.java:798)
	at org.apache.coyote.AbstractProtocol.init(AbstractProtocol.java:547)
	at org.apache.coyote.http11.AbstractHttp11Protocol.init(AbstractHttp11Protocol.java:66)
	at org.apache.catalina.connector.Connector.initInternal(Connector.java:1010)
	... 13 more

15-Sep-2016 14:12:36.192 INFO [main] org.apache.coyote.AbstractProtocol.init Initializing ProtocolHandler ["ajp-nio-8009"]
15-Sep-2016 14:12:36.192 SEVERE [main] org.apache.coyote.AbstractProtocol.init Failed to initialize end point associated with ProtocolHandler ["ajp-nio-8009"]
 java.net.BindException: Address already in use: bind
	at sun.nio.ch.Net.bind0(Native Method)
	at sun.nio.ch.Net.bind(Unknown Source)
	at sun.nio.ch.Net.bind(Unknown Source)
	at sun.nio.ch.ServerSocketChannelImpl.bind(Unknown Source)
	at sun.nio.ch.ServerSocketAdaptor.bind(Unknown Source)
	at org.apache.tomcat.util.net.NioEndpoint.bind(NioEndpoint.java:245)
	at org.apache.tomcat.util.net.AbstractEndpoint.init(AbstractEndpoint.java:798)
	at org.apache.coyote.AbstractProtocol.init(AbstractProtocol.java:547)
	at org.apache.catalina.connector.Connector.initInternal(Connector.java:1010)
	at org.apache.catalina.util.LifecycleBase.init(LifecycleBase.java:107)
	at org.apache.catalina.core.StandardService.initInternal(StandardService.java:549)
	at org.apache.catalina.util.LifecycleBase.init(LifecycleBase.java:107)
	at org.apache.catalina.core.StandardServer.initInternal(StandardServer.java:873)
	at org.apache.catalina.util.LifecycleBase.init(LifecycleBase.java:107)
	at org.apache.catalina.startup.Catalina.load(Catalina.java:606)
	at org.apache.catalina.startup.Catalina.load(Catalina.java:629)
	at sun.reflect.NativeMethodAccessorImpl.invoke0(Native Method)
	at sun.reflect.NativeMethodAccessorImpl.invoke(Unknown Source)
	at sun.reflect.DelegatingMethodAccessorImpl.invoke(Unknown Source)
	at java.lang.reflect.Method.invoke(Unknown Source)
	at org.apache.catalina.startup.Bootstrap.load(Bootstrap.java:311)
	at org.apache.catalina.startup.Bootstrap.main(Bootstrap.java:494)

15-Sep-2016 14:12:36.225 SEVERE [main] org.apache.catalina.core.StandardService.initInternal Failed to initialize connector [Connector[AJP/1.3-8009]]
 org.apache.catalina.LifecycleException: Failed to initialize component [Connector[AJP/1.3-8009]]
	at org.apache.catalina.util.LifecycleBase.init(LifecycleBase.java:112)
	at org.apache.catalina.core.StandardService.initInternal(StandardService.java:549)
	at org.apache.catalina.util.LifecycleBase.init(LifecycleBase.java:107)
	at org.apache.catalina.core.StandardServer.initInternal(StandardServer.java:873)
	at org.apache.catalina.util.LifecycleBase.init(LifecycleBase.java:107)
	at org.apache.catalina.startup.Catalina.load(Catalina.java:606)
	at org.apache.catalina.startup.Catalina.load(Catalina.java:629)
	at sun.reflect.NativeMethodAccessorImpl.invoke0(Native Method)
	at sun.reflect.NativeMethodAccessorImpl.invoke(Unknown Source)
	at sun.reflect.DelegatingMethodAccessorImpl.invoke(Unknown Source)
	at java.lang.reflect.Method.invoke(Unknown Source)
	at org.apache.catalina.startup.Bootstrap.load(Bootstrap.java:311)
	at org.apache.catalina.startup.Bootstrap.main(Bootstrap.java:494)
Caused by: org.apache.catalina.LifecycleException: Protocol handler initialization failed
	at org.apache.catalina.connector.Connector.initInternal(Connector.java:1013)
	at org.apache.catalina.util.LifecycleBase.init(LifecycleBase.java:107)
	... 12 more
Caused by: java.net.BindException: Address already in use: bind
	at sun.nio.ch.Net.bind0(Native Method)
	at sun.nio.ch.Net.bind(Unknown Source)
	at sun.nio.ch.Net.bind(Unknown Source)
	at sun.nio.ch.ServerSocketChannelImpl.bind(Unknown Source)
	at sun.nio.ch.ServerSocketAdaptor.bind(Unknown Source)
	at org.apache.tomcat.util.net.NioEndpoint.bind(NioEndpoint.java:245)
	at org.apache.tomcat.util.net.AbstractEndpoint.init(AbstractEndpoint.java:798)
	at org.apache.coyote.AbstractProtocol.init(AbstractProtocol.java:547)
	at org.apache.catalina.connector.Connector.initInternal(Connector.java:1010)
	... 13 more

15-Sep-2016 14:12:36.225 INFO [main] org.apache.catalina.startup.Catalina.load Initialization processed in 1747 ms
15-Sep-2016 14:12:36.291 INFO [main] org.apache.catalina.core.StandardService.startInternal Starting service Catalina
15-Sep-2016 14:12:36.291 INFO [main] org.apache.catalina.core.StandardEngine.startInternal Starting Servlet Engine: Apache Tomcat/9.0.0.M4
15-Sep-2016 14:12:36.307 INFO [localhost-startStop-1] org.apache.catalina.startup.HostConfig.deployDirectory Deploying web application directory C:\progs\tomcat9\webapps\docs
15-Sep-2016 14:12:36.754 INFO [localhost-startStop-1] org.apache.catalina.startup.HostConfig.deployDirectory Deployment of web application directory C:\progs\tomcat9\webapps\docs has finished in 446 ms
15-Sep-2016 14:12:36.756 INFO [localhost-startStop-1] org.apache.catalina.startup.HostConfig.deployDirectory Deploying web application directory C:\progs\tomcat9\webapps\examples
15-Sep-2016 14:12:37.561 INFO [localhost-startStop-1] org.apache.catalina.startup.HostConfig.deployDirectory Deployment of web application directory C:\progs\tomcat9\webapps\examples has finished in 806 ms
15-Sep-2016 14:12:37.561 INFO [localhost-startStop-1] org.apache.catalina.startup.HostConfig.deployDirectory Deploying web application directory C:\progs\tomcat9\webapps\host-manager
15-Sep-2016 14:12:37.645 INFO [localhost-startStop-1] org.apache.catalina.startup.HostConfig.deployDirectory Deployment of web application directory C:\progs\tomcat9\webapps\host-manager has finished in 84 ms
15-Sep-2016 14:12:37.645 INFO [localhost-startStop-1] org.apache.catalina.startup.HostConfig.deployDirectory Deploying web application directory C:\progs\tomcat9\webapps\manager
15-Sep-2016 14:12:37.697 INFO [localhost-startStop-1] org.apache.catalina.startup.HostConfig.deployDirectory Deployment of web application directory C:\progs\tomcat9\webapps\manager has finished in 52 ms
15-Sep-2016 14:12:37.697 INFO [localhost-startStop-1] org.apache.catalina.startup.HostConfig.deployDirectory Deploying web application directory C:\progs\tomcat9\webapps\myapp
15-Sep-2016 14:12:37.763 INFO [localhost-startStop-1] org.apache.catalina.startup.HostConfig.deployDirectory Deployment of web application directory C:\progs\tomcat9\webapps\myapp has finished in 66 ms
15-Sep-2016 14:12:37.763 INFO [localhost-startStop-1] org.apache.catalina.startup.HostConfig.deployDirectory Deploying web application directory C:\progs\tomcat9\webapps\ROOT
15-Sep-2016 14:12:37.812 INFO [localhost-startStop-1] org.apache.catalina.startup.HostConfig.deployDirectory Deployment of web application directory C:\progs\tomcat9\webapps\ROOT has finished in 49 ms
15-Sep-2016 14:12:37.812 INFO [localhost-startStop-1] org.apache.catalina.startup.HostConfig.deployDirectory Deploying web application directory C:\progs\tomcat9\webapps\webserv1
15-Sep-2016 14:12:39.121 INFO [localhost-startStop-1] org.apache.jasper.servlet.TldScanner.scanJars At least one JAR was scanned for TLDs yet contained no TLDs. Enable debug logging for this logger for a complete list of JARs that were scanned but no TLDs were found in them. Skipping unneeded JARs during scanning can improve startup time and JSP compilation time.
15-Sep-2016 14:12:40.733 INFO [localhost-startStop-1] org.apache.catalina.startup.HostConfig.deployDirectory Deployment of web application directory C:\progs\tomcat9\webapps\webserv1 has finished in 2,920 ms
15-Sep-2016 14:12:40.748 INFO [main] org.apache.catalina.startup.Catalina.start Server startup in 4506 ms
15-Sep-2016 14:12:40.758 SEVERE [main] org.apache.catalina.core.StandardServer.await StandardServer.await: create[localhost:8005]: 
 java.net.BindException: Address already in use: JVM_Bind
	at java.net.DualStackPlainSocketImpl.bind0(Native Method)
	at java.net.DualStackPlainSocketImpl.socketBind(Unknown Source)
	at java.net.AbstractPlainSocketImpl.bind(Unknown Source)
	at java.net.PlainSocketImpl.bind(Unknown Source)
	at java.net.ServerSocket.bind(Unknown Source)
	at java.net.ServerSocket.<init>(Unknown Source)
	at org.apache.catalina.core.StandardServer.await(StandardServer.java:441)
	at org.apache.catalina.startup.Catalina.await(Catalina.java:743)
	at org.apache.catalina.startup.Catalina.start(Catalina.java:689)
	at sun.reflect.NativeMethodAccessorImpl.invoke0(Native Method)
	at sun.reflect.NativeMethodAccessorImpl.invoke(Unknown Source)
	at sun.reflect.DelegatingMethodAccessorImpl.invoke(Unknown Source)
	at java.lang.reflect.Method.invoke(Unknown Source)
	at org.apache.catalina.startup.Bootstrap.start(Bootstrap.java:355)
	at org.apache.catalina.startup.Bootstrap.main(Bootstrap.java:495)

15-Sep-2016 14:12:40.772 INFO [main] org.apache.coyote.AbstractProtocol.pause Pausing ProtocolHandler ["http-nio-8080"]
15-Sep-2016 14:12:40.772 INFO [main] org.apache.coyote.AbstractProtocol.pause Pausing ProtocolHandler ["ajp-nio-8009"]
15-Sep-2016 14:12:40.774 INFO [main] org.apache.catalina.core.StandardService.stopInternal Stopping service Catalina
15-Sep-2016 14:12:40.891 INFO [main] org.apache.coyote.AbstractProtocol.stop Stopping ProtocolHandler ["http-nio-8080"]
15-Sep-2016 14:12:40.894 INFO [main] org.apache.coyote.AbstractProtocol.destroy Destroying ProtocolHandler ["http-nio-8080"]
15-Sep-2016 14:12:40.897 INFO [main] org.apache.coyote.AbstractProtocol.stop Stopping ProtocolHandler ["ajp-nio-8009"]
15-Sep-2016 14:12:40.899 INFO [main] org.apache.coyote.AbstractProtocol.destroy Destroying ProtocolHandler ["ajp-nio-8009"]
