28-Sep-2017 20:01:46.315 INFO [localhost-startStop-1] org.apache.catalina.core.ApplicationContext.log ContextListener: contextInitialized()
28-Sep-2017 20:01:46.315 INFO [localhost-startStop-1] org.apache.catalina.core.ApplicationContext.log SessionListener: contextInitialized()
28-Sep-2017 20:01:49.193 SEVERE [localhost-startStop-1] org.apache.catalina.core.ApplicationContext.log StandardWrapper.Throwable
 java.lang.ArrayIndexOutOfBoundsException: 0
	at jersey.repackaged.org.objectweb.asm.ClassReader.readClass(ClassReader.java:2461)
	at jersey.repackaged.org.objectweb.asm.ClassReader.accept(ClassReader.java:542)
	at jersey.repackaged.org.objectweb.asm.ClassReader.accept(ClassReader.java:506)
	at org.glassfish.jersey.server.internal.scanning.AnnotationAcceptingListener.process(AnnotationAcceptingListener.java:170)
	at org.glassfish.jersey.server.ResourceConfig.scanClasses(ResourceConfig.java:915)
	at org.glassfish.jersey.server.ResourceConfig._getClasses(ResourceConfig.java:869)
	at org.glassfish.jersey.server.ResourceConfig.getClasses(ResourceConfig.java:775)
	at org.glassfish.jersey.server.ResourceConfig$RuntimeConfig.<init>(ResourceConfig.java:1206)
	at org.glassfish.jersey.server.ResourceConfig$RuntimeConfig.<init>(ResourceConfig.java:1178)
	at org.glassfish.jersey.server.ResourceConfig.createRuntimeConfig(ResourceConfig.java:1174)
	at org.glassfish.jersey.server.ApplicationHandler.<init>(ApplicationHandler.java:345)
	at org.glassfish.jersey.servlet.WebComponent.<init>(WebComponent.java:392)
	at org.glassfish.jersey.servlet.ServletContainer.init(ServletContainer.java:177)
	at org.glassfish.jersey.servlet.ServletContainer.init(ServletContainer.java:369)
	at javax.servlet.GenericServlet.init(GenericServlet.java:158)
	at org.apache.catalina.core.StandardWrapper.initServlet(StandardWrapper.java:1194)
	at org.apache.catalina.core.StandardWrapper.loadServlet(StandardWrapper.java:1110)
	at org.apache.catalina.core.StandardWrapper.load(StandardWrapper.java:1000)
	at org.apache.catalina.core.StandardContext.loadOnStartup(StandardContext.java:4918)
	at org.apache.catalina.core.StandardContext.startInternal(StandardContext.java:5228)
	at org.apache.catalina.util.LifecycleBase.start(LifecycleBase.java:152)
	at org.apache.catalina.core.ContainerBase.addChildInternal(ContainerBase.java:726)
	at org.apache.catalina.core.ContainerBase.addChild(ContainerBase.java:702)
	at org.apache.catalina.core.StandardHost.addChild(StandardHost.java:734)
	at org.apache.catalina.startup.HostConfig.deployDirectory(HostConfig.java:1107)
	at org.apache.catalina.startup.HostConfig$DeployDirectory.run(HostConfig.java:1841)
	at java.util.concurrent.Executors$RunnableAdapter.call(Unknown Source)
	at java.util.concurrent.FutureTask.run(Unknown Source)
	at java.util.concurrent.ThreadPoolExecutor.runWorker(Unknown Source)
	at java.util.concurrent.ThreadPoolExecutor$Worker.run(Unknown Source)
	at java.lang.Thread.run(Unknown Source)

28-Sep-2017 20:01:49.193 SEVERE [localhost-startStop-1] org.apache.catalina.core.StandardContext.loadOnStartup Servlet [RestfulContainer] in web application [/webserv1] threw load() exception
 java.lang.ArrayIndexOutOfBoundsException: 0
	at jersey.repackaged.org.objectweb.asm.ClassReader.readClass(ClassReader.java:2461)
	at jersey.repackaged.org.objectweb.asm.ClassReader.accept(ClassReader.java:542)
	at jersey.repackaged.org.objectweb.asm.ClassReader.accept(ClassReader.java:506)
	at org.glassfish.jersey.server.internal.scanning.AnnotationAcceptingListener.process(AnnotationAcceptingListener.java:170)
	at org.glassfish.jersey.server.ResourceConfig.scanClasses(ResourceConfig.java:915)
	at org.glassfish.jersey.server.ResourceConfig._getClasses(ResourceConfig.java:869)
	at org.glassfish.jersey.server.ResourceConfig.getClasses(ResourceConfig.java:775)
	at org.glassfish.jersey.server.ResourceConfig$RuntimeConfig.<init>(ResourceConfig.java:1206)
	at org.glassfish.jersey.server.ResourceConfig$RuntimeConfig.<init>(ResourceConfig.java:1178)
	at org.glassfish.jersey.server.ResourceConfig.createRuntimeConfig(ResourceConfig.java:1174)
	at org.glassfish.jersey.server.ApplicationHandler.<init>(ApplicationHandler.java:345)
	at org.glassfish.jersey.servlet.WebComponent.<init>(WebComponent.java:392)
	at org.glassfish.jersey.servlet.ServletContainer.init(ServletContainer.java:177)
	at org.glassfish.jersey.servlet.ServletContainer.init(ServletContainer.java:369)
	at javax.servlet.GenericServlet.init(GenericServlet.java:158)
	at org.apache.catalina.core.StandardWrapper.initServlet(StandardWrapper.java:1194)
	at org.apache.catalina.core.StandardWrapper.loadServlet(StandardWrapper.java:1110)
	at org.apache.catalina.core.StandardWrapper.load(StandardWrapper.java:1000)
	at org.apache.catalina.core.StandardContext.loadOnStartup(StandardContext.java:4918)
	at org.apache.catalina.core.StandardContext.startInternal(StandardContext.java:5228)
	at org.apache.catalina.util.LifecycleBase.start(LifecycleBase.java:152)
	at org.apache.catalina.core.ContainerBase.addChildInternal(ContainerBase.java:726)
	at org.apache.catalina.core.ContainerBase.addChild(ContainerBase.java:702)
	at org.apache.catalina.core.StandardHost.addChild(StandardHost.java:734)
	at org.apache.catalina.startup.HostConfig.deployDirectory(HostConfig.java:1107)
	at org.apache.catalina.startup.HostConfig$DeployDirectory.run(HostConfig.java:1841)
	at java.util.concurrent.Executors$RunnableAdapter.call(Unknown Source)
	at java.util.concurrent.FutureTask.run(Unknown Source)
	at java.util.concurrent.ThreadPoolExecutor.runWorker(Unknown Source)
	at java.util.concurrent.ThreadPoolExecutor$Worker.run(Unknown Source)
	at java.lang.Thread.run(Unknown Source)

28-Sep-2017 20:04:15.768 SEVERE [http-nio-8080-exec-2] org.apache.catalina.core.ApplicationContext.log StandardWrapper.Throwable
 java.lang.ArrayIndexOutOfBoundsException: 0
	at jersey.repackaged.org.objectweb.asm.ClassReader.readClass(ClassReader.java:2461)
	at jersey.repackaged.org.objectweb.asm.ClassReader.accept(ClassReader.java:542)
	at jersey.repackaged.org.objectweb.asm.ClassReader.accept(ClassReader.java:506)
	at org.glassfish.jersey.server.internal.scanning.AnnotationAcceptingListener.process(AnnotationAcceptingListener.java:170)
	at org.glassfish.jersey.server.ResourceConfig.scanClasses(ResourceConfig.java:915)
	at org.glassfish.jersey.server.ResourceConfig._getClasses(ResourceConfig.java:869)
	at org.glassfish.jersey.server.ResourceConfig.getClasses(ResourceConfig.java:775)
	at org.glassfish.jersey.server.ResourceConfig$RuntimeConfig.<init>(ResourceConfig.java:1206)
	at org.glassfish.jersey.server.ResourceConfig$RuntimeConfig.<init>(ResourceConfig.java:1178)
	at org.glassfish.jersey.server.ResourceConfig.createRuntimeConfig(ResourceConfig.java:1174)
	at org.glassfish.jersey.server.ApplicationHandler.<init>(ApplicationHandler.java:345)
	at org.glassfish.jersey.servlet.WebComponent.<init>(WebComponent.java:392)
	at org.glassfish.jersey.servlet.ServletContainer.init(ServletContainer.java:177)
	at org.glassfish.jersey.servlet.ServletContainer.init(ServletContainer.java:369)
	at javax.servlet.GenericServlet.init(GenericServlet.java:158)
	at org.apache.catalina.core.StandardWrapper.initServlet(StandardWrapper.java:1194)
	at org.apache.catalina.core.StandardWrapper.loadServlet(StandardWrapper.java:1110)
	at org.apache.catalina.core.StandardWrapper.allocate(StandardWrapper.java:790)
	at org.apache.catalina.core.StandardWrapperValve.invoke(StandardWrapperValve.java:133)
	at org.apache.catalina.core.StandardContextValve.invoke(StandardContextValve.java:108)
	at org.apache.catalina.authenticator.AuthenticatorBase.invoke(AuthenticatorBase.java:522)
	at org.apache.catalina.core.StandardHostValve.invoke(StandardHostValve.java:140)
	at org.apache.catalina.valves.ErrorReportValve.invoke(ErrorReportValve.java:79)
	at org.apache.catalina.valves.AbstractAccessLogValve.invoke(AbstractAccessLogValve.java:620)
	at org.apache.catalina.core.StandardEngineValve.invoke(StandardEngineValve.java:87)
	at org.apache.catalina.connector.CoyoteAdapter.service(CoyoteAdapter.java:343)
	at org.apache.coyote.http11.Http11Processor.service(Http11Processor.java:1096)
	at org.apache.coyote.AbstractProcessorLight.process(AbstractProcessorLight.java:66)
	at org.apache.coyote.AbstractProtocol$ConnectionHandler.process(AbstractProtocol.java:760)
	at org.apache.tomcat.util.net.NioEndpoint$SocketProcessor.run(NioEndpoint.java:1480)
	at java.util.concurrent.ThreadPoolExecutor.runWorker(Unknown Source)
	at java.util.concurrent.ThreadPoolExecutor$Worker.run(Unknown Source)
	at org.apache.tomcat.util.threads.TaskThread$WrappingRunnable.run(TaskThread.java:61)
	at java.lang.Thread.run(Unknown Source)

28-Sep-2017 20:04:15.768 SEVERE [http-nio-8080-exec-2] org.apache.catalina.core.StandardWrapperValve.invoke Allocate exception for servlet RestfulContainer
 java.lang.ArrayIndexOutOfBoundsException: 0
	at jersey.repackaged.org.objectweb.asm.ClassReader.readClass(ClassReader.java:2461)
	at jersey.repackaged.org.objectweb.asm.ClassReader.accept(ClassReader.java:542)
	at jersey.repackaged.org.objectweb.asm.ClassReader.accept(ClassReader.java:506)
	at org.glassfish.jersey.server.internal.scanning.AnnotationAcceptingListener.process(AnnotationAcceptingListener.java:170)
	at org.glassfish.jersey.server.ResourceConfig.scanClasses(ResourceConfig.java:915)
	at org.glassfish.jersey.server.ResourceConfig._getClasses(ResourceConfig.java:869)
	at org.glassfish.jersey.server.ResourceConfig.getClasses(ResourceConfig.java:775)
	at org.glassfish.jersey.server.ResourceConfig$RuntimeConfig.<init>(ResourceConfig.java:1206)
	at org.glassfish.jersey.server.ResourceConfig$RuntimeConfig.<init>(ResourceConfig.java:1178)
	at org.glassfish.jersey.server.ResourceConfig.createRuntimeConfig(ResourceConfig.java:1174)
	at org.glassfish.jersey.server.ApplicationHandler.<init>(ApplicationHandler.java:345)
	at org.glassfish.jersey.servlet.WebComponent.<init>(WebComponent.java:392)
	at org.glassfish.jersey.servlet.ServletContainer.init(ServletContainer.java:177)
	at org.glassfish.jersey.servlet.ServletContainer.init(ServletContainer.java:369)
	at javax.servlet.GenericServlet.init(GenericServlet.java:158)
	at org.apache.catalina.core.StandardWrapper.initServlet(StandardWrapper.java:1194)
	at org.apache.catalina.core.StandardWrapper.loadServlet(StandardWrapper.java:1110)
	at org.apache.catalina.core.StandardWrapper.allocate(StandardWrapper.java:790)
	at org.apache.catalina.core.StandardWrapperValve.invoke(StandardWrapperValve.java:133)
	at org.apache.catalina.core.StandardContextValve.invoke(StandardContextValve.java:108)
	at org.apache.catalina.authenticator.AuthenticatorBase.invoke(AuthenticatorBase.java:522)
	at org.apache.catalina.core.StandardHostValve.invoke(StandardHostValve.java:140)
	at org.apache.catalina.valves.ErrorReportValve.invoke(ErrorReportValve.java:79)
	at org.apache.catalina.valves.AbstractAccessLogValve.invoke(AbstractAccessLogValve.java:620)
	at org.apache.catalina.core.StandardEngineValve.invoke(StandardEngineValve.java:87)
	at org.apache.catalina.connector.CoyoteAdapter.service(CoyoteAdapter.java:343)
	at org.apache.coyote.http11.Http11Processor.service(Http11Processor.java:1096)
	at org.apache.coyote.AbstractProcessorLight.process(AbstractProcessorLight.java:66)
	at org.apache.coyote.AbstractProtocol$ConnectionHandler.process(AbstractProtocol.java:760)
	at org.apache.tomcat.util.net.NioEndpoint$SocketProcessor.run(NioEndpoint.java:1480)
	at java.util.concurrent.ThreadPoolExecutor.runWorker(Unknown Source)
	at java.util.concurrent.ThreadPoolExecutor$Worker.run(Unknown Source)
	at org.apache.tomcat.util.threads.TaskThread$WrappingRunnable.run(TaskThread.java:61)
	at java.lang.Thread.run(Unknown Source)

28-Sep-2017 20:04:55.921 SEVERE [http-nio-8080-exec-3] org.apache.catalina.core.ApplicationContext.log StandardWrapper.Throwable
 java.lang.ArrayIndexOutOfBoundsException: 0
	at jersey.repackaged.org.objectweb.asm.ClassReader.readClass(ClassReader.java:2461)
	at jersey.repackaged.org.objectweb.asm.ClassReader.accept(ClassReader.java:542)
	at jersey.repackaged.org.objectweb.asm.ClassReader.accept(ClassReader.java:506)
	at org.glassfish.jersey.server.internal.scanning.AnnotationAcceptingListener.process(AnnotationAcceptingListener.java:170)
	at org.glassfish.jersey.server.ResourceConfig.scanClasses(ResourceConfig.java:915)
	at org.glassfish.jersey.server.ResourceConfig._getClasses(ResourceConfig.java:869)
	at org.glassfish.jersey.server.ResourceConfig.getClasses(ResourceConfig.java:775)
	at org.glassfish.jersey.server.ResourceConfig$RuntimeConfig.<init>(ResourceConfig.java:1206)
	at org.glassfish.jersey.server.ResourceConfig$RuntimeConfig.<init>(ResourceConfig.java:1178)
	at org.glassfish.jersey.server.ResourceConfig.createRuntimeConfig(ResourceConfig.java:1174)
	at org.glassfish.jersey.server.ApplicationHandler.<init>(ApplicationHandler.java:345)
	at org.glassfish.jersey.servlet.WebComponent.<init>(WebComponent.java:392)
	at org.glassfish.jersey.servlet.ServletContainer.init(ServletContainer.java:177)
	at org.glassfish.jersey.servlet.ServletContainer.init(ServletContainer.java:369)
	at javax.servlet.GenericServlet.init(GenericServlet.java:158)
	at org.apache.catalina.core.StandardWrapper.initServlet(StandardWrapper.java:1194)
	at org.apache.catalina.core.StandardWrapper.loadServlet(StandardWrapper.java:1110)
	at org.apache.catalina.core.StandardWrapper.allocate(StandardWrapper.java:790)
	at org.apache.catalina.core.StandardWrapperValve.invoke(StandardWrapperValve.java:133)
	at org.apache.catalina.core.StandardContextValve.invoke(StandardContextValve.java:108)
	at org.apache.catalina.authenticator.AuthenticatorBase.invoke(AuthenticatorBase.java:522)
	at org.apache.catalina.core.StandardHostValve.invoke(StandardHostValve.java:140)
	at org.apache.catalina.valves.ErrorReportValve.invoke(ErrorReportValve.java:79)
	at org.apache.catalina.valves.AbstractAccessLogValve.invoke(AbstractAccessLogValve.java:620)
	at org.apache.catalina.core.StandardEngineValve.invoke(StandardEngineValve.java:87)
	at org.apache.catalina.connector.CoyoteAdapter.service(CoyoteAdapter.java:343)
	at org.apache.coyote.http11.Http11Processor.service(Http11Processor.java:1096)
	at org.apache.coyote.AbstractProcessorLight.process(AbstractProcessorLight.java:66)
	at org.apache.coyote.AbstractProtocol$ConnectionHandler.process(AbstractProtocol.java:760)
	at org.apache.tomcat.util.net.NioEndpoint$SocketProcessor.run(NioEndpoint.java:1480)
	at java.util.concurrent.ThreadPoolExecutor.runWorker(Unknown Source)
	at java.util.concurrent.ThreadPoolExecutor$Worker.run(Unknown Source)
	at org.apache.tomcat.util.threads.TaskThread$WrappingRunnable.run(TaskThread.java:61)
	at java.lang.Thread.run(Unknown Source)

28-Sep-2017 20:04:55.921 SEVERE [http-nio-8080-exec-3] org.apache.catalina.core.StandardWrapperValve.invoke Allocate exception for servlet RestfulContainer
 java.lang.ArrayIndexOutOfBoundsException: 0
	at jersey.repackaged.org.objectweb.asm.ClassReader.readClass(ClassReader.java:2461)
	at jersey.repackaged.org.objectweb.asm.ClassReader.accept(ClassReader.java:542)
	at jersey.repackaged.org.objectweb.asm.ClassReader.accept(ClassReader.java:506)
	at org.glassfish.jersey.server.internal.scanning.AnnotationAcceptingListener.process(AnnotationAcceptingListener.java:170)
	at org.glassfish.jersey.server.ResourceConfig.scanClasses(ResourceConfig.java:915)
	at org.glassfish.jersey.server.ResourceConfig._getClasses(ResourceConfig.java:869)
	at org.glassfish.jersey.server.ResourceConfig.getClasses(ResourceConfig.java:775)
	at org.glassfish.jersey.server.ResourceConfig$RuntimeConfig.<init>(ResourceConfig.java:1206)
	at org.glassfish.jersey.server.ResourceConfig$RuntimeConfig.<init>(ResourceConfig.java:1178)
	at org.glassfish.jersey.server.ResourceConfig.createRuntimeConfig(ResourceConfig.java:1174)
	at org.glassfish.jersey.server.ApplicationHandler.<init>(ApplicationHandler.java:345)
	at org.glassfish.jersey.servlet.WebComponent.<init>(WebComponent.java:392)
	at org.glassfish.jersey.servlet.ServletContainer.init(ServletContainer.java:177)
	at org.glassfish.jersey.servlet.ServletContainer.init(ServletContainer.java:369)
	at javax.servlet.GenericServlet.init(GenericServlet.java:158)
	at org.apache.catalina.core.StandardWrapper.initServlet(StandardWrapper.java:1194)
	at org.apache.catalina.core.StandardWrapper.loadServlet(StandardWrapper.java:1110)
	at org.apache.catalina.core.StandardWrapper.allocate(StandardWrapper.java:790)
	at org.apache.catalina.core.StandardWrapperValve.invoke(StandardWrapperValve.java:133)
	at org.apache.catalina.core.StandardContextValve.invoke(StandardContextValve.java:108)
	at org.apache.catalina.authenticator.AuthenticatorBase.invoke(AuthenticatorBase.java:522)
	at org.apache.catalina.core.StandardHostValve.invoke(StandardHostValve.java:140)
	at org.apache.catalina.valves.ErrorReportValve.invoke(ErrorReportValve.java:79)
	at org.apache.catalina.valves.AbstractAccessLogValve.invoke(AbstractAccessLogValve.java:620)
	at org.apache.catalina.core.StandardEngineValve.invoke(StandardEngineValve.java:87)
	at org.apache.catalina.connector.CoyoteAdapter.service(CoyoteAdapter.java:343)
	at org.apache.coyote.http11.Http11Processor.service(Http11Processor.java:1096)
	at org.apache.coyote.AbstractProcessorLight.process(AbstractProcessorLight.java:66)
	at org.apache.coyote.AbstractProtocol$ConnectionHandler.process(AbstractProtocol.java:760)
	at org.apache.tomcat.util.net.NioEndpoint$SocketProcessor.run(NioEndpoint.java:1480)
	at java.util.concurrent.ThreadPoolExecutor.runWorker(Unknown Source)
	at java.util.concurrent.ThreadPoolExecutor$Worker.run(Unknown Source)
	at org.apache.tomcat.util.threads.TaskThread$WrappingRunnable.run(TaskThread.java:61)
	at java.lang.Thread.run(Unknown Source)

28-Sep-2017 20:04:59.770 SEVERE [http-nio-8080-exec-4] org.apache.catalina.core.ApplicationContext.log StandardWrapper.Throwable
 java.lang.ArrayIndexOutOfBoundsException: 0
	at jersey.repackaged.org.objectweb.asm.ClassReader.readClass(ClassReader.java:2461)
	at jersey.repackaged.org.objectweb.asm.ClassReader.accept(ClassReader.java:542)
	at jersey.repackaged.org.objectweb.asm.ClassReader.accept(ClassReader.java:506)
	at org.glassfish.jersey.server.internal.scanning.AnnotationAcceptingListener.process(AnnotationAcceptingListener.java:170)
	at org.glassfish.jersey.server.ResourceConfig.scanClasses(ResourceConfig.java:915)
	at org.glassfish.jersey.server.ResourceConfig._getClasses(ResourceConfig.java:869)
	at org.glassfish.jersey.server.ResourceConfig.getClasses(ResourceConfig.java:775)
	at org.glassfish.jersey.server.ResourceConfig$RuntimeConfig.<init>(ResourceConfig.java:1206)
	at org.glassfish.jersey.server.ResourceConfig$RuntimeConfig.<init>(ResourceConfig.java:1178)
	at org.glassfish.jersey.server.ResourceConfig.createRuntimeConfig(ResourceConfig.java:1174)
	at org.glassfish.jersey.server.ApplicationHandler.<init>(ApplicationHandler.java:345)
	at org.glassfish.jersey.servlet.WebComponent.<init>(WebComponent.java:392)
	at org.glassfish.jersey.servlet.ServletContainer.init(ServletContainer.java:177)
	at org.glassfish.jersey.servlet.ServletContainer.init(ServletContainer.java:369)
	at javax.servlet.GenericServlet.init(GenericServlet.java:158)
	at org.apache.catalina.core.StandardWrapper.initServlet(StandardWrapper.java:1194)
	at org.apache.catalina.core.StandardWrapper.loadServlet(StandardWrapper.java:1110)
	at org.apache.catalina.core.StandardWrapper.allocate(StandardWrapper.java:790)
	at org.apache.catalina.core.StandardWrapperValve.invoke(StandardWrapperValve.java:133)
	at org.apache.catalina.core.StandardContextValve.invoke(StandardContextValve.java:108)
	at org.apache.catalina.authenticator.AuthenticatorBase.invoke(AuthenticatorBase.java:522)
	at org.apache.catalina.core.StandardHostValve.invoke(StandardHostValve.java:140)
	at org.apache.catalina.valves.ErrorReportValve.invoke(ErrorReportValve.java:79)
	at org.apache.catalina.valves.AbstractAccessLogValve.invoke(AbstractAccessLogValve.java:620)
	at org.apache.catalina.core.StandardEngineValve.invoke(StandardEngineValve.java:87)
	at org.apache.catalina.connector.CoyoteAdapter.service(CoyoteAdapter.java:343)
	at org.apache.coyote.http11.Http11Processor.service(Http11Processor.java:1096)
	at org.apache.coyote.AbstractProcessorLight.process(AbstractProcessorLight.java:66)
	at org.apache.coyote.AbstractProtocol$ConnectionHandler.process(AbstractProtocol.java:760)
	at org.apache.tomcat.util.net.NioEndpoint$SocketProcessor.run(NioEndpoint.java:1480)
	at java.util.concurrent.ThreadPoolExecutor.runWorker(Unknown Source)
	at java.util.concurrent.ThreadPoolExecutor$Worker.run(Unknown Source)
	at org.apache.tomcat.util.threads.TaskThread$WrappingRunnable.run(TaskThread.java:61)
	at java.lang.Thread.run(Unknown Source)

28-Sep-2017 20:04:59.771 SEVERE [http-nio-8080-exec-4] org.apache.catalina.core.StandardWrapperValve.invoke Allocate exception for servlet RestfulContainer
 java.lang.ArrayIndexOutOfBoundsException: 0
	at jersey.repackaged.org.objectweb.asm.ClassReader.readClass(ClassReader.java:2461)
	at jersey.repackaged.org.objectweb.asm.ClassReader.accept(ClassReader.java:542)
	at jersey.repackaged.org.objectweb.asm.ClassReader.accept(ClassReader.java:506)
	at org.glassfish.jersey.server.internal.scanning.AnnotationAcceptingListener.process(AnnotationAcceptingListener.java:170)
	at org.glassfish.jersey.server.ResourceConfig.scanClasses(ResourceConfig.java:915)
	at org.glassfish.jersey.server.ResourceConfig._getClasses(ResourceConfig.java:869)
	at org.glassfish.jersey.server.ResourceConfig.getClasses(ResourceConfig.java:775)
	at org.glassfish.jersey.server.ResourceConfig$RuntimeConfig.<init>(ResourceConfig.java:1206)
	at org.glassfish.jersey.server.ResourceConfig$RuntimeConfig.<init>(ResourceConfig.java:1178)
	at org.glassfish.jersey.server.ResourceConfig.createRuntimeConfig(ResourceConfig.java:1174)
	at org.glassfish.jersey.server.ApplicationHandler.<init>(ApplicationHandler.java:345)
	at org.glassfish.jersey.servlet.WebComponent.<init>(WebComponent.java:392)
	at org.glassfish.jersey.servlet.ServletContainer.init(ServletContainer.java:177)
	at org.glassfish.jersey.servlet.ServletContainer.init(ServletContainer.java:369)
	at javax.servlet.GenericServlet.init(GenericServlet.java:158)
	at org.apache.catalina.core.StandardWrapper.initServlet(StandardWrapper.java:1194)
	at org.apache.catalina.core.StandardWrapper.loadServlet(StandardWrapper.java:1110)
	at org.apache.catalina.core.StandardWrapper.allocate(StandardWrapper.java:790)
	at org.apache.catalina.core.StandardWrapperValve.invoke(StandardWrapperValve.java:133)
	at org.apache.catalina.core.StandardContextValve.invoke(StandardContextValve.java:108)
	at org.apache.catalina.authenticator.AuthenticatorBase.invoke(AuthenticatorBase.java:522)
	at org.apache.catalina.core.StandardHostValve.invoke(StandardHostValve.java:140)
	at org.apache.catalina.valves.ErrorReportValve.invoke(ErrorReportValve.java:79)
	at org.apache.catalina.valves.AbstractAccessLogValve.invoke(AbstractAccessLogValve.java:620)
	at org.apache.catalina.core.StandardEngineValve.invoke(StandardEngineValve.java:87)
	at org.apache.catalina.connector.CoyoteAdapter.service(CoyoteAdapter.java:343)
	at org.apache.coyote.http11.Http11Processor.service(Http11Processor.java:1096)
	at org.apache.coyote.AbstractProcessorLight.process(AbstractProcessorLight.java:66)
	at org.apache.coyote.AbstractProtocol$ConnectionHandler.process(AbstractProtocol.java:760)
	at org.apache.tomcat.util.net.NioEndpoint$SocketProcessor.run(NioEndpoint.java:1480)
	at java.util.concurrent.ThreadPoolExecutor.runWorker(Unknown Source)
	at java.util.concurrent.ThreadPoolExecutor$Worker.run(Unknown Source)
	at org.apache.tomcat.util.threads.TaskThread$WrappingRunnable.run(TaskThread.java:61)
	at java.lang.Thread.run(Unknown Source)

28-Sep-2017 20:05:06.197 SEVERE [http-nio-8080-exec-7] org.apache.catalina.core.ApplicationContext.log StandardWrapper.Throwable
 java.lang.ArrayIndexOutOfBoundsException: 0
	at jersey.repackaged.org.objectweb.asm.ClassReader.readClass(ClassReader.java:2461)
	at jersey.repackaged.org.objectweb.asm.ClassReader.accept(ClassReader.java:542)
	at jersey.repackaged.org.objectweb.asm.ClassReader.accept(ClassReader.java:506)
	at org.glassfish.jersey.server.internal.scanning.AnnotationAcceptingListener.process(AnnotationAcceptingListener.java:170)
	at org.glassfish.jersey.server.ResourceConfig.scanClasses(ResourceConfig.java:915)
	at org.glassfish.jersey.server.ResourceConfig._getClasses(ResourceConfig.java:869)
	at org.glassfish.jersey.server.ResourceConfig.getClasses(ResourceConfig.java:775)
	at org.glassfish.jersey.server.ResourceConfig$RuntimeConfig.<init>(ResourceConfig.java:1206)
	at org.glassfish.jersey.server.ResourceConfig$RuntimeConfig.<init>(ResourceConfig.java:1178)
	at org.glassfish.jersey.server.ResourceConfig.createRuntimeConfig(ResourceConfig.java:1174)
	at org.glassfish.jersey.server.ApplicationHandler.<init>(ApplicationHandler.java:345)
	at org.glassfish.jersey.servlet.WebComponent.<init>(WebComponent.java:392)
	at org.glassfish.jersey.servlet.ServletContainer.init(ServletContainer.java:177)
	at org.glassfish.jersey.servlet.ServletContainer.init(ServletContainer.java:369)
	at javax.servlet.GenericServlet.init(GenericServlet.java:158)
	at org.apache.catalina.core.StandardWrapper.initServlet(StandardWrapper.java:1194)
	at org.apache.catalina.core.StandardWrapper.loadServlet(StandardWrapper.java:1110)
	at org.apache.catalina.core.StandardWrapper.allocate(StandardWrapper.java:790)
	at org.apache.catalina.core.StandardWrapperValve.invoke(StandardWrapperValve.java:133)
	at org.apache.catalina.core.StandardContextValve.invoke(StandardContextValve.java:108)
	at org.apache.catalina.authenticator.AuthenticatorBase.invoke(AuthenticatorBase.java:522)
	at org.apache.catalina.core.StandardHostValve.invoke(StandardHostValve.java:140)
	at org.apache.catalina.valves.ErrorReportValve.invoke(ErrorReportValve.java:79)
	at org.apache.catalina.valves.AbstractAccessLogValve.invoke(AbstractAccessLogValve.java:620)
	at org.apache.catalina.core.StandardEngineValve.invoke(StandardEngineValve.java:87)
	at org.apache.catalina.connector.CoyoteAdapter.service(CoyoteAdapter.java:343)
	at org.apache.coyote.http11.Http11Processor.service(Http11Processor.java:1096)
	at org.apache.coyote.AbstractProcessorLight.process(AbstractProcessorLight.java:66)
	at org.apache.coyote.AbstractProtocol$ConnectionHandler.process(AbstractProtocol.java:760)
	at org.apache.tomcat.util.net.NioEndpoint$SocketProcessor.run(NioEndpoint.java:1480)
	at java.util.concurrent.ThreadPoolExecutor.runWorker(Unknown Source)
	at java.util.concurrent.ThreadPoolExecutor$Worker.run(Unknown Source)
	at org.apache.tomcat.util.threads.TaskThread$WrappingRunnable.run(TaskThread.java:61)
	at java.lang.Thread.run(Unknown Source)

28-Sep-2017 20:05:06.197 SEVERE [http-nio-8080-exec-7] org.apache.catalina.core.StandardWrapperValve.invoke Allocate exception for servlet RestfulContainer
 java.lang.ArrayIndexOutOfBoundsException: 0
	at jersey.repackaged.org.objectweb.asm.ClassReader.readClass(ClassReader.java:2461)
	at jersey.repackaged.org.objectweb.asm.ClassReader.accept(ClassReader.java:542)
	at jersey.repackaged.org.objectweb.asm.ClassReader.accept(ClassReader.java:506)
	at org.glassfish.jersey.server.internal.scanning.AnnotationAcceptingListener.process(AnnotationAcceptingListener.java:170)
	at org.glassfish.jersey.server.ResourceConfig.scanClasses(ResourceConfig.java:915)
	at org.glassfish.jersey.server.ResourceConfig._getClasses(ResourceConfig.java:869)
	at org.glassfish.jersey.server.ResourceConfig.getClasses(ResourceConfig.java:775)
	at org.glassfish.jersey.server.ResourceConfig$RuntimeConfig.<init>(ResourceConfig.java:1206)
	at org.glassfish.jersey.server.ResourceConfig$RuntimeConfig.<init>(ResourceConfig.java:1178)
	at org.glassfish.jersey.server.ResourceConfig.createRuntimeConfig(ResourceConfig.java:1174)
	at org.glassfish.jersey.server.ApplicationHandler.<init>(ApplicationHandler.java:345)
	at org.glassfish.jersey.servlet.WebComponent.<init>(WebComponent.java:392)
	at org.glassfish.jersey.servlet.ServletContainer.init(ServletContainer.java:177)
	at org.glassfish.jersey.servlet.ServletContainer.init(ServletContainer.java:369)
	at javax.servlet.GenericServlet.init(GenericServlet.java:158)
	at org.apache.catalina.core.StandardWrapper.initServlet(StandardWrapper.java:1194)
	at org.apache.catalina.core.StandardWrapper.loadServlet(StandardWrapper.java:1110)
	at org.apache.catalina.core.StandardWrapper.allocate(StandardWrapper.java:790)
	at org.apache.catalina.core.StandardWrapperValve.invoke(StandardWrapperValve.java:133)
	at org.apache.catalina.core.StandardContextValve.invoke(StandardContextValve.java:108)
	at org.apache.catalina.authenticator.AuthenticatorBase.invoke(AuthenticatorBase.java:522)
	at org.apache.catalina.core.StandardHostValve.invoke(StandardHostValve.java:140)
	at org.apache.catalina.valves.ErrorReportValve.invoke(ErrorReportValve.java:79)
	at org.apache.catalina.valves.AbstractAccessLogValve.invoke(AbstractAccessLogValve.java:620)
	at org.apache.catalina.core.StandardEngineValve.invoke(StandardEngineValve.java:87)
	at org.apache.catalina.connector.CoyoteAdapter.service(CoyoteAdapter.java:343)
	at org.apache.coyote.http11.Http11Processor.service(Http11Processor.java:1096)
	at org.apache.coyote.AbstractProcessorLight.process(AbstractProcessorLight.java:66)
	at org.apache.coyote.AbstractProtocol$ConnectionHandler.process(AbstractProtocol.java:760)
	at org.apache.tomcat.util.net.NioEndpoint$SocketProcessor.run(NioEndpoint.java:1480)
	at java.util.concurrent.ThreadPoolExecutor.runWorker(Unknown Source)
	at java.util.concurrent.ThreadPoolExecutor$Worker.run(Unknown Source)
	at org.apache.tomcat.util.threads.TaskThread$WrappingRunnable.run(TaskThread.java:61)
	at java.lang.Thread.run(Unknown Source)

28-Sep-2017 20:06:33.871 SEVERE [http-nio-8080-exec-7] org.apache.catalina.core.ApplicationContext.log StandardWrapper.Throwable
 java.lang.ArrayIndexOutOfBoundsException: 0
	at jersey.repackaged.org.objectweb.asm.ClassReader.readClass(ClassReader.java:2461)
	at jersey.repackaged.org.objectweb.asm.ClassReader.accept(ClassReader.java:542)
	at jersey.repackaged.org.objectweb.asm.ClassReader.accept(ClassReader.java:506)
	at org.glassfish.jersey.server.internal.scanning.AnnotationAcceptingListener.process(AnnotationAcceptingListener.java:170)
	at org.glassfish.jersey.server.ResourceConfig.scanClasses(ResourceConfig.java:915)
	at org.glassfish.jersey.server.ResourceConfig._getClasses(ResourceConfig.java:869)
	at org.glassfish.jersey.server.ResourceConfig.getClasses(ResourceConfig.java:775)
	at org.glassfish.jersey.server.ResourceConfig$RuntimeConfig.<init>(ResourceConfig.java:1206)
	at org.glassfish.jersey.server.ResourceConfig$RuntimeConfig.<init>(ResourceConfig.java:1178)
	at org.glassfish.jersey.server.ResourceConfig.createRuntimeConfig(ResourceConfig.java:1174)
	at org.glassfish.jersey.server.ApplicationHandler.<init>(ApplicationHandler.java:345)
	at org.glassfish.jersey.servlet.WebComponent.<init>(WebComponent.java:392)
	at org.glassfish.jersey.servlet.ServletContainer.init(ServletContainer.java:177)
	at org.glassfish.jersey.servlet.ServletContainer.init(ServletContainer.java:369)
	at javax.servlet.GenericServlet.init(GenericServlet.java:158)
	at org.apache.catalina.core.StandardWrapper.initServlet(StandardWrapper.java:1194)
	at org.apache.catalina.core.StandardWrapper.loadServlet(StandardWrapper.java:1110)
	at org.apache.catalina.core.StandardWrapper.allocate(StandardWrapper.java:790)
	at org.apache.catalina.core.StandardWrapperValve.invoke(StandardWrapperValve.java:133)
	at org.apache.catalina.core.StandardContextValve.invoke(StandardContextValve.java:108)
	at org.apache.catalina.authenticator.AuthenticatorBase.invoke(AuthenticatorBase.java:522)
	at org.apache.catalina.core.StandardHostValve.invoke(StandardHostValve.java:140)
	at org.apache.catalina.valves.ErrorReportValve.invoke(ErrorReportValve.java:79)
	at org.apache.catalina.valves.AbstractAccessLogValve.invoke(AbstractAccessLogValve.java:620)
	at org.apache.catalina.core.StandardEngineValve.invoke(StandardEngineValve.java:87)
	at org.apache.catalina.connector.CoyoteAdapter.service(CoyoteAdapter.java:343)
	at org.apache.coyote.http11.Http11Processor.service(Http11Processor.java:1096)
	at org.apache.coyote.AbstractProcessorLight.process(AbstractProcessorLight.java:66)
	at org.apache.coyote.AbstractProtocol$ConnectionHandler.process(AbstractProtocol.java:760)
	at org.apache.tomcat.util.net.NioEndpoint$SocketProcessor.run(NioEndpoint.java:1480)
	at java.util.concurrent.ThreadPoolExecutor.runWorker(Unknown Source)
	at java.util.concurrent.ThreadPoolExecutor$Worker.run(Unknown Source)
	at org.apache.tomcat.util.threads.TaskThread$WrappingRunnable.run(TaskThread.java:61)
	at java.lang.Thread.run(Unknown Source)

28-Sep-2017 20:06:33.871 SEVERE [http-nio-8080-exec-7] org.apache.catalina.core.StandardWrapperValve.invoke Allocate exception for servlet RestfulContainer
 java.lang.ArrayIndexOutOfBoundsException: 0
	at jersey.repackaged.org.objectweb.asm.ClassReader.readClass(ClassReader.java:2461)
	at jersey.repackaged.org.objectweb.asm.ClassReader.accept(ClassReader.java:542)
	at jersey.repackaged.org.objectweb.asm.ClassReader.accept(ClassReader.java:506)
	at org.glassfish.jersey.server.internal.scanning.AnnotationAcceptingListener.process(AnnotationAcceptingListener.java:170)
	at org.glassfish.jersey.server.ResourceConfig.scanClasses(ResourceConfig.java:915)
	at org.glassfish.jersey.server.ResourceConfig._getClasses(ResourceConfig.java:869)
	at org.glassfish.jersey.server.ResourceConfig.getClasses(ResourceConfig.java:775)
	at org.glassfish.jersey.server.ResourceConfig$RuntimeConfig.<init>(ResourceConfig.java:1206)
	at org.glassfish.jersey.server.ResourceConfig$RuntimeConfig.<init>(ResourceConfig.java:1178)
	at org.glassfish.jersey.server.ResourceConfig.createRuntimeConfig(ResourceConfig.java:1174)
	at org.glassfish.jersey.server.ApplicationHandler.<init>(ApplicationHandler.java:345)
	at org.glassfish.jersey.servlet.WebComponent.<init>(WebComponent.java:392)
	at org.glassfish.jersey.servlet.ServletContainer.init(ServletContainer.java:177)
	at org.glassfish.jersey.servlet.ServletContainer.init(ServletContainer.java:369)
	at javax.servlet.GenericServlet.init(GenericServlet.java:158)
	at org.apache.catalina.core.StandardWrapper.initServlet(StandardWrapper.java:1194)
	at org.apache.catalina.core.StandardWrapper.loadServlet(StandardWrapper.java:1110)
	at org.apache.catalina.core.StandardWrapper.allocate(StandardWrapper.java:790)
	at org.apache.catalina.core.StandardWrapperValve.invoke(StandardWrapperValve.java:133)
	at org.apache.catalina.core.StandardContextValve.invoke(StandardContextValve.java:108)
	at org.apache.catalina.authenticator.AuthenticatorBase.invoke(AuthenticatorBase.java:522)
	at org.apache.catalina.core.StandardHostValve.invoke(StandardHostValve.java:140)
	at org.apache.catalina.valves.ErrorReportValve.invoke(ErrorReportValve.java:79)
	at org.apache.catalina.valves.AbstractAccessLogValve.invoke(AbstractAccessLogValve.java:620)
	at org.apache.catalina.core.StandardEngineValve.invoke(StandardEngineValve.java:87)
	at org.apache.catalina.connector.CoyoteAdapter.service(CoyoteAdapter.java:343)
	at org.apache.coyote.http11.Http11Processor.service(Http11Processor.java:1096)
	at org.apache.coyote.AbstractProcessorLight.process(AbstractProcessorLight.java:66)
	at org.apache.coyote.AbstractProtocol$ConnectionHandler.process(AbstractProtocol.java:760)
	at org.apache.tomcat.util.net.NioEndpoint$SocketProcessor.run(NioEndpoint.java:1480)
	at java.util.concurrent.ThreadPoolExecutor.runWorker(Unknown Source)
	at java.util.concurrent.ThreadPoolExecutor$Worker.run(Unknown Source)
	at org.apache.tomcat.util.threads.TaskThread$WrappingRunnable.run(TaskThread.java:61)
	at java.lang.Thread.run(Unknown Source)

28-Sep-2017 20:09:14.722 INFO [http-nio-8080-exec-3] org.apache.catalina.core.ApplicationContext.log SessionListener: sessionCreated('D593419C222B8A2CB7BD3EA2F38033EA')
28-Sep-2017 20:39:50.638 INFO [ContainerBackgroundProcessor[StandardEngine[Catalina]]] org.apache.catalina.core.ApplicationContext.log SessionListener: sessionDestroyed('D593419C222B8A2CB7BD3EA2F38033EA')
